0 info it worked if it ends with ok
1 verbose cli [ 'C:\\Program Files (x86)\\Microsoft Visual Studio\\2017\\Professional\\Web\\External\\Node.exe',
1 verbose cli   'C:\\Program Files (x86)\\Microsoft Visual Studio\\2017\\Professional\\Web\\External\\node_modules\\npm\\bin\\npm-cli.js',
1 verbose cli   'install',
1 verbose cli   '@angular/animations@4.2.5' ]
2 info using npm@3.3.4
3 info using node@v5.4.1
4 silly loadCurrentTree Starting
5 silly install loadCurrentTree
6 silly install readLocalPackageData
7 silly fetchPackageMetaData @angular/animations@4.2.5
8 silly fetchNamedPackageData @angular/animations
9 silly mapToRegistry name @angular/animations
10 silly mapToRegistry scope (from package name) @angular
11 verbose mapToRegistry no registry URL found in name for scope @angular
12 silly mapToRegistry using default registry
13 silly mapToRegistry registry https://registry.npmjs.org/
14 silly mapToRegistry uri https://registry.npmjs.org/@angular%2fanimations
15 verbose request uri https://registry.npmjs.org/@angular%2fanimations
16 verbose request no auth needed
17 info attempt registry request try #1 at 10:51:27
18 verbose request id c93da32a3533571b
19 http request GET https://registry.npmjs.org/@angular%2fanimations
20 info retry will retry, error on last attempt: Error: tunneling socket could not be established, cause=connect ETIMEDOUT 10.234.0.52:80
21 info attempt registry request try #2 at 10:51:58
22 http request GET https://registry.npmjs.org/@angular%2fanimations
23 info retry will retry, error on last attempt: Error: tunneling socket could not be established, cause=connect ETIMEDOUT 10.234.0.52:80
24 info attempt registry request try #3 at 10:53:19
25 http request GET https://registry.npmjs.org/@angular%2fanimations
26 silly fetchPackageMetaData Error: tunneling socket could not be established, cause=connect ETIMEDOUT 10.234.0.52:80
26 silly fetchPackageMetaData     at ClientRequest.onError (C:\Program Files (x86)\Microsoft Visual Studio\2017\Professional\Web\External\node_modules\request\node_modules\tunnel-agent\index.js:176:17)
26 silly fetchPackageMetaData     at ClientRequest.g (events.js:260:16)
26 silly fetchPackageMetaData     at emitOne (events.js:77:13)
26 silly fetchPackageMetaData     at ClientRequest.emit (events.js:169:7)
26 silly fetchPackageMetaData     at Socket.socketErrorListener (_http_client.js:262:9)
26 silly fetchPackageMetaData     at emitOne (events.js:77:13)
26 silly fetchPackageMetaData     at Socket.emit (events.js:169:7)
26 silly fetchPackageMetaData     at emitErrorNT (net.js:1255:8)
26 silly fetchPackageMetaData     at nextTickCallbackWith2Args (node.js:474:9)
26 silly fetchPackageMetaData     at process._tickCallback (node.js:388:17)
26 silly fetchPackageMetaData  error for @angular/animations@4.2.5 { [Error: tunneling socket could not be established, cause=connect ETIMEDOUT 10.234.0.52:80] code: 'ECONNRESET' }
27 silly rollbackFailedOptional Starting
28 silly rollbackFailedOptional Finishing
29 silly runTopLevelLifecycles Starting
30 silly runTopLevelLifecycles Finishing
31 silly install printInstalled
32 verbose stack Error: tunneling socket could not be established, cause=connect ETIMEDOUT 10.234.0.52:80
32 verbose stack     at ClientRequest.onError (C:\Program Files (x86)\Microsoft Visual Studio\2017\Professional\Web\External\node_modules\request\node_modules\tunnel-agent\index.js:176:17)
32 verbose stack     at ClientRequest.g (events.js:260:16)
32 verbose stack     at emitOne (events.js:77:13)
32 verbose stack     at ClientRequest.emit (events.js:169:7)
32 verbose stack     at Socket.socketErrorListener (_http_client.js:262:9)
32 verbose stack     at emitOne (events.js:77:13)
32 verbose stack     at Socket.emit (events.js:169:7)
32 verbose stack     at emitErrorNT (net.js:1255:8)
32 verbose stack     at nextTickCallbackWith2Args (node.js:474:9)
32 verbose stack     at process._tickCallback (node.js:388:17)
33 verbose cwd C:\Users\mboudich\Documents\Visual Studio 2017\Projects\AngularWeb\AngularWeb
34 error Windows_NT 6.1.7601
35 error argv "C:\\Program Files (x86)\\Microsoft Visual Studio\\2017\\Professional\\Web\\External\\Node.exe" "C:\\Program Files (x86)\\Microsoft Visual Studio\\2017\\Professional\\Web\\External\\node_modules\\npm\\bin\\npm-cli.js" "install" "@angular/animations@4.2.5"
36 error node v5.4.1
37 error npm  v3.3.4
38 error code ECONNRESET
39 error network tunneling socket could not be established, cause=connect ETIMEDOUT 10.234.0.52:80
39 error network This is most likely not a problem with npm itself
39 error network and is related to network connectivity.
39 error network In most cases you are behind a proxy or have bad network settings.
39 error network
39 error network If you are behind a proxy, please make sure that the
39 error network 'proxy' config is set properly.  See: 'npm help config'
40 verbose exit [ 1, true ]
